<?xml version="1.0" encoding="UTF-8"?>
<testsuite name="assignment2.ImageLabelReaderTest" tests="2" skipped="0" failures="0" errors="0" timestamp="2019-09-17T20:25:55" hostname="LAPTOP-EPJQALR1" time="0.127">
  <properties/>
  <testcase name="testLabelFiles" classname="assignment2.ImageLabelReaderTest" time="0.072"/>
  <testcase name="testImageLabel" classname="assignment2.ImageLabelReaderTest" time="0.054"/>
  <system-out><![CDATA[]]></system-out>
  <system-err><![CDATA[]]></system-err>
</testsuite>
