<?xml version="1.0" encoding="UTF-8"?>
<testsuite name="assignment2.ImageLabelReaderTest" tests="2" skipped="0" failures="0" errors="0" timestamp="2019-09-09T13:29:59" hostname="LAPTOP-EPJQALR1" time="0.161">
  <properties/>
  <testcase name="testLabelFiles" classname="assignment2.ImageLabelReaderTest" time="0.114"/>
  <testcase name="testImageLabel" classname="assignment2.ImageLabelReaderTest" time="0.046"/>
  <system-out><![CDATA[American alligator
]]></system-out>
  <system-err><![CDATA[]]></system-err>
</testsuite>
